<?xml version="1.0" encoding="UTF-8"?>
<!-- Generated by org.testng.reporters.JUnitXMLReporter -->
<testsuite ignored="0" hostname="TYUDM" failures="0" tests="4" name="Add Customer Test" time="14.684" errors="0" timestamp="22 Nov 2019 15:55:33 GMT">
  <testcase classname="com.w2a.testcases.AddCustomerTest" name="addCustomerTest" time="4.632"/>
  <testcase classname="com.w2a.testcases.AddCustomerTest" name="addCustomerTest" time="4.341"/>
  <testcase classname="com.w2a.testcases.AddCustomerTest" name="addCustomerTest" time="0.002">
    <skipped/>
  </testcase> <!-- addCustomerTest -->
  <testcase classname="com.w2a.testcases.AddCustomerTest" name="addCustomerTest" time="4.385"/>
</testsuite> <!-- Add Customer Test -->
